# JRE version: OpenJDK Runtime Environment (11.0.12+7) (build 11.0.12+7-b1504.28-7817840)
# Java VM: OpenJDK 64-Bit Server VM (11.0.12+7-b1504.28-7817840, mixed mode, tiered, compressed oops, g1 gc, windows-amd64)
Heap:
 garbage-first heap   total 145408K, used 107327K [0x00000000a0000000, 0x0000000100000000)
  region size 1024K, 23 young (23552K), 5 survivors (5120K)
 Metaspace       used 85997K, capacity 88439K, committed 88576K, reserved 1126400K
  class space    used 11409K, capacity 12330K, committed 12364K, reserved 1048576K
GC Heap History (20 events):
Event: 14.483 GC heap before
{Heap before GC invocations=25 (full 0):
 garbage-first heap   total 120832K, used 96092K [0x00000000a0000000, 0x0000000100000000)
  region size 1024K, 27 young (27648K), 2 survivors (2048K)
 Metaspace       used 67982K, capacity 69934K, committed 70272K, reserved 1110016K
  class space    used 8673K, capacity 9318K, committed 9420K, reserved 1048576K
}
Event: 14.487 GC heap after
{Heap after GC invocations=26 (full 0):
 garbage-first heap   total 120832K, used 71914K [0x00000000a0000000, 0x0000000100000000)
  region size 1024K, 4 young (4096K), 4 survivors (4096K)
 Metaspace       used 67982K, capacity 69934K, committed 70272K, reserved 1110016K
  class space    used 8673K, capacity 9318K, committed 9420K, reserved 1048576K
}
Event: 14.895 GC heap before
{Heap before GC invocations=26 (full 0):
 garbage-first heap   total 120832K, used 97514K [0x00000000a0000000, 0x0000000100000000)
  region size 1024K, 29 young (29696K), 4 survivors (4096K)
 Metaspace       used 69968K, capacity 71913K, committed 72064K, reserved 1112064K
  class space    used 8924K, capacity 9613K, committed 9676K, reserved 1048576K
}
Event: 14.901 GC heap after
{Heap after GC invocations=27 (full 0):
 garbage-first heap   total 120832K, used 73755K [0x00000000a0000000, 0x0000000100000000)
  region size 1024K, 4 young (4096K), 4 survivors (4096K)
 Metaspace       used 69968K, capacity 71913K, committed 72064K, reserved 1112064K
  class space    used 8924K, capacity 9613K, committed 9676K, reserved 1048576K
}
Event: 15.437 GC heap before
{Heap before GC invocations=28 (full 0):
 garbage-first heap   total 120832K, used 98331K [0x00000000a0000000, 0x0000000100000000)
  region size 1024K, 29 young (29696K), 4 survivors (4096K)
 Metaspace       used 72835K, capacity 74802K, committed 74880K, reserved 1114112K
  class space    used 9471K, capacity 10172K, committed 10188K, reserved 1048576K
}
Event: 15.442 GC heap after
{Heap after GC invocations=29 (full 0):
 garbage-first heap   total 120832K, used 75343K [0x00000000a0000000, 0x0000000100000000)
  region size 1024K, 4 young (4096K), 4 survivors (4096K)
 Metaspace       used 72835K, capacity 74802K, committed 74880K, reserved 1114112K
  class space    used 9471K, capacity 10172K, committed 10188K, reserved 1048576K
}
Event: 15.795 GC heap before
{Heap before GC invocations=29 (full 0):
 garbage-first heap   total 120832K, used 99919K [0x00000000a0000000, 0x0000000100000000)
  region size 1024K, 28 young (28672K), 4 survivors (4096K)
 Metaspace       used 74211K, capacity 76236K, committed 76416K, reserved 1116160K
  class space    used 9643K, capacity 10325K, committed 10444K, reserved 1048576K
}
Event: 15.803 GC heap after
{Heap after GC invocations=30 (full 0):
 garbage-first heap   total 120832K, used 77009K [0x00000000a0000000, 0x0000000100000000)
  region size 1024K, 4 young (4096K), 4 survivors (4096K)
 Metaspace       used 74211K, capacity 76236K, committed 76416K, reserved 1116160K
  class space    used 9643K, capacity 10325K, committed 10444K, reserved 1048576K
}
Event: 16.098 GC heap before
{Heap before GC invocations=31 (full 0):
 garbage-first heap   total 120832K, used 100561K [0x00000000a0000000, 0x0000000100000000)
  region size 1024K, 27 young (27648K), 4 survivors (4096K)
 Metaspace       used 75026K, capacity 77051K, committed 77312K, reserved 1116160K
  class space    used 9800K, capacity 10555K, committed 10572K, reserved 1048576K
}
Event: 16.103 GC heap after
{Heap after GC invocations=32 (full 0):
 garbage-first heap   total 120832K, used 79447K [0x00000000a0000000, 0x0000000100000000)
  region size 1024K, 4 young (4096K), 4 survivors (4096K)
 Metaspace       used 75026K, capacity 77051K, committed 77312K, reserved 1116160K
  class space    used 9800K, capacity 10555K, committed 10572K, reserved 1048576K
}
Event: 16.395 GC heap before
{Heap before GC invocations=32 (full 0):
 garbage-first heap   total 120832K, used 101975K [0x00000000a0000000, 0x0000000100000000)
  region size 1024K, 26 young (26624K), 4 survivors (4096K)
 Metaspace       used 75934K, capacity 78018K, committed 78336K, reserved 1116160K
  class space    used 9937K, capacity 10742K, committed 10828K, reserved 1048576K
}
Event: 16.400 GC heap after
{Heap after GC invocations=33 (full 0):
 garbage-first heap   total 120832K, used 81798K [0x00000000a0000000, 0x0000000100000000)
  region size 1024K, 3 young (3072K), 3 survivors (3072K)
 Metaspace       used 75934K, capacity 78018K, committed 78336K, reserved 1116160K
  class space    used 9937K, capacity 10742K, committed 10828K, reserved 1048576K
}
Event: 16.771 GC heap before
{Heap before GC invocations=34 (full 0):
 garbage-first heap   total 120832K, used 102278K [0x00000000a0000000, 0x0000000100000000)
  region size 1024K, 23 young (23552K), 3 survivors (3072K)
 Metaspace       used 77376K, capacity 79540K, committed 79744K, reserved 1118208K
  class space    used 10149K, capacity 10944K, committed 10956K, reserved 1048576K
}
Event: 16.777 GC heap after
{Heap after GC invocations=35 (full 0):
 garbage-first heap   total 145408K, used 83366K [0x00000000a0000000, 0x0000000100000000)
  region size 1024K, 2 young (2048K), 2 survivors (2048K)
 Metaspace       used 77376K, capacity 79540K, committed 79744K, reserved 1118208K
  class space    used 10149K, capacity 10944K, committed 10956K, reserved 1048576K
}
Event: 17.360 GC heap before
{Heap before GC invocations=35 (full 0):
 garbage-first heap   total 145408K, used 115110K [0x00000000a0000000, 0x0000000100000000)
  region size 1024K, 33 young (33792K), 2 survivors (2048K)
 Metaspace       used 80071K, capacity 82303K, committed 82560K, reserved 1120256K
  class space    used 10530K, capacity 11349K, committed 11468K, reserved 1048576K
}
Event: 17.369 GC heap after
{Heap after GC invocations=36 (full 0):
 garbage-first heap   total 145408K, used 84826K [0x00000000a0000000, 0x0000000100000000)
  region size 1024K, 3 young (3072K), 3 survivors (3072K)
 Metaspace       used 80071K, capacity 82303K, committed 82560K, reserved 1120256K
  class space    used 10530K, capacity 11349K, committed 11468K, reserved 1048576K
}
Event: 18.092 GC heap before
{Heap before GC invocations=37 (full 0):
 garbage-first heap   total 145408K, used 116570K [0x00000000a0000000, 0x0000000100000000)
  region size 1024K, 34 young (34816K), 3 survivors (3072K)
 Metaspace       used 83265K, capacity 85454K, committed 85760K, reserved 1124352K
  class space    used 10940K, capacity 11741K, committed 11852K, reserved 1048576K
}
Event: 18.098 GC heap after
{Heap after GC invocations=38 (full 0):
 garbage-first heap   total 145408K, used 87415K [0x00000000a0000000, 0x0000000100000000)
  region size 1024K, 5 young (5120K), 5 survivors (5120K)
 Metaspace       used 83265K, capacity 85454K, committed 85760K, reserved 1124352K
  class space    used 10940K, capacity 11741K, committed 11852K, reserved 1048576K
}
Event: 18.737 GC heap before
{Heap before GC invocations=38 (full 0):
 garbage-first heap   total 145408K, used 117111K [0x00000000a0000000, 0x0000000100000000)
  region size 1024K, 35 young (35840K), 5 survivors (5120K)
 Metaspace       used 85249K, capacity 87567K, committed 87936K, reserved 1124352K
  class space    used 11272K, capacity 12121K, committed 12236K, reserved 1048576K
}
Event: 18.747 GC heap after
{Heap after GC invocations=39 (full 0):
 garbage-first heap   total 145408K, used 89919K [0x00000000a0000000, 0x0000000100000000)
  region size 1024K, 5 young (5120K), 5 survivors (5120K)
 Metaspace       used 85249K, capacity 87567K, committed 87936K, reserved 1124352K
  class space    used 11272K, capacity 12121K, committed 12236K, reserved 1048576K
}

