# JRE version: OpenJDK Runtime Environment (11.0.12+7) (build 11.0.12+7-b1504.28-7817840)
# Java VM: OpenJDK 64-Bit Server VM (11.0.12+7-b1504.28-7817840, mixed mode, tiered, compressed oops, g1 gc, windows-amd64)
Heap:
 garbage-first heap   total 120832K, used 24992K [0x00000000a0000000, 0x0000000100000000)
  region size 1024K, 11 young (11264K), 2 survivors (2048K)
 Metaspace       used 21832K, capacity 22303K, committed 22400K, reserved 1069056K
  class space    used 2730K, capacity 2870K, committed 2944K, reserved 1048576K
GC Heap History (6 events):
Event: 0.750 GC heap before
{Heap before GC invocations=0 (full 0):
 garbage-first heap   total 120832K, used 29696K [0x00000000a0000000, 0x0000000100000000)
  region size 1024K, 24 young (24576K), 0 survivors (0K)
 Metaspace       used 10178K, capacity 10369K, committed 10624K, reserved 1058816K
  class space    used 1065K, capacity 1140K, committed 1152K, reserved 1048576K
}
Event: 0.758 GC heap after
{Heap after GC invocations=1 (full 0):
 garbage-first heap   total 120832K, used 9679K [0x00000000a0000000, 0x0000000100000000)
  region size 1024K, 3 young (3072K), 3 survivors (3072K)
 Metaspace       used 10178K, capacity 10369K, committed 10624K, reserved 1058816K
  class space    used 1065K, capacity 1140K, committed 1152K, reserved 1048576K
}
Event: 2.243 GC heap before
{Heap before GC invocations=1 (full 0):
 garbage-first heap   total 120832K, used 78287K [0x00000000a0000000, 0x0000000100000000)
  region size 1024K, 70 young (71680K), 3 survivors (3072K)
 Metaspace       used 16974K, capacity 17305K, committed 17536K, reserved 1064960K
  class space    used 1964K, capacity 2069K, committed 2176K, reserved 1048576K
}
Event: 2.250 GC heap after
{Heap after GC invocations=2 (full 0):
 garbage-first heap   total 120832K, used 15401K [0x00000000a0000000, 0x0000000100000000)
  region size 1024K, 9 young (9216K), 9 survivors (9216K)
 Metaspace       used 16974K, capacity 17305K, committed 17536K, reserved 1064960K
  class space    used 1964K, capacity 2069K, committed 2176K, reserved 1048576K
}
Event: 2.627 GC heap before
{Heap before GC invocations=2 (full 0):
 garbage-first heap   total 120832K, used 45097K [0x00000000a0000000, 0x0000000100000000)
  region size 1024K, 39 young (39936K), 9 survivors (9216K)
 Metaspace       used 20597K, capacity 21072K, committed 21248K, reserved 1067008K
  class space    used 2514K, capacity 2692K, committed 2816K, reserved 1048576K
}
Event: 2.634 GC heap after
{Heap after GC invocations=3 (full 0):
 garbage-first heap   total 120832K, used 16800K [0x00000000a0000000, 0x0000000100000000)
  region size 1024K, 2 young (2048K), 2 survivors (2048K)
 Metaspace       used 20597K, capacity 21072K, committed 21248K, reserved 1067008K
  class space    used 2514K, capacity 2692K, committed 2816K, reserved 1048576K
}

