# JRE version: OpenJDK Runtime Environment (11.0.12+7) (build 11.0.12+7-b1504.28-7817840)
# Java VM: OpenJDK 64-Bit Server VM (11.0.12+7-b1504.28-7817840, mixed mode, tiered, compressed oops, g1 gc, windows-amd64)
Heap:
 garbage-first heap   total 145408K, used 80028K [0x00000000a0000000, 0x0000000100000000)
  region size 1024K, 4 young (4096K), 4 survivors (4096K)
 Metaspace       used 75045K, capacity 77046K, committed 77136K, reserved 1116160K
  class space    used 9796K, capacity 10555K, committed 10624K, reserved 1048576K
GC Heap History (20 events):
Event: 14.630 GC heap after
{Heap after GC invocations=16 (full 0):
 garbage-first heap   total 120832K, used 56757K [0x00000000a0000000, 0x0000000100000000)
  region size 1024K, 6 young (6144K), 6 survivors (6144K)
 Metaspace       used 62231K, capacity 63843K, committed 64080K, reserved 1105920K
  class space    used 7887K, capacity 8434K, committed 8576K, reserved 1048576K
}
Event: 15.227 GC heap before
{Heap before GC invocations=17 (full 0):
 garbage-first heap   total 120832K, used 96693K [0x00000000a0000000, 0x0000000100000000)
  region size 1024K, 44 young (45056K), 6 survivors (6144K)
 Metaspace       used 65390K, capacity 66929K, committed 67024K, reserved 1107968K
  class space    used 8319K, capacity 8924K, committed 8960K, reserved 1048576K
}
Event: 15.233 GC heap after
{Heap after GC invocations=18 (full 0):
 garbage-first heap   total 120832K, used 58356K [0x00000000a0000000, 0x0000000100000000)
  region size 1024K, 2 young (2048K), 2 survivors (2048K)
 Metaspace       used 65390K, capacity 66929K, committed 67024K, reserved 1107968K
  class space    used 8319K, capacity 8924K, committed 8960K, reserved 1048576K
}
Event: 16.001 GC heap before
{Heap before GC invocations=18 (full 0):
 garbage-first heap   total 120832K, used 97268K [0x00000000a0000000, 0x0000000100000000)
  region size 1024K, 40 young (40960K), 2 survivors (2048K)
 Metaspace       used 67026K, capacity 68711K, committed 69072K, reserved 1110016K
  class space    used 8507K, capacity 9104K, committed 9216K, reserved 1048576K
}
Event: 16.007 GC heap after
{Heap after GC invocations=19 (full 0):
 garbage-first heap   total 120832K, used 60216K [0x00000000a0000000, 0x0000000100000000)
  region size 1024K, 4 young (4096K), 4 survivors (4096K)
 Metaspace       used 67026K, capacity 68711K, committed 69072K, reserved 1110016K
  class space    used 8507K, capacity 9104K, committed 9216K, reserved 1048576K
}
Event: 16.106 GC heap before
{Heap before GC invocations=20 (full 0):
 garbage-first heap   total 120832K, used 65336K [0x00000000a0000000, 0x0000000100000000)
  region size 1024K, 10 young (10240K), 4 survivors (4096K)
 Metaspace       used 67137K, capacity 68808K, committed 69072K, reserved 1110016K
  class space    used 8535K, capacity 9136K, committed 9216K, reserved 1048576K
}
Event: 16.113 GC heap after
{Heap after GC invocations=21 (full 0):
 garbage-first heap   total 120832K, used 63520K [0x00000000a0000000, 0x0000000100000000)
  region size 1024K, 5 young (5120K), 5 survivors (5120K)
 Metaspace       used 67137K, capacity 68808K, committed 69072K, reserved 1110016K
  class space    used 8535K, capacity 9136K, committed 9216K, reserved 1048576K
}
Event: 16.447 GC heap before
{Heap before GC invocations=22 (full 0):
 garbage-first heap   total 120832K, used 95264K [0x00000000a0000000, 0x0000000100000000)
  region size 1024K, 34 young (34816K), 5 survivors (5120K)
 Metaspace       used 67599K, capacity 69279K, committed 69456K, reserved 1110016K
  class space    used 8609K, capacity 9251K, committed 9344K, reserved 1048576K
}
Event: 16.455 GC heap after
{Heap after GC invocations=23 (full 0):
 garbage-first heap   total 120832K, used 69073K [0x00000000a0000000, 0x0000000100000000)
  region size 1024K, 5 young (5120K), 5 survivors (5120K)
 Metaspace       used 67599K, capacity 69279K, committed 69456K, reserved 1110016K
  class space    used 8609K, capacity 9251K, committed 9344K, reserved 1048576K
}
Event: 16.729 GC heap before
{Heap before GC invocations=23 (full 0):
 garbage-first heap   total 120832K, used 95697K [0x00000000a0000000, 0x0000000100000000)
  region size 1024K, 31 young (31744K), 5 survivors (5120K)
 Metaspace       used 67872K, capacity 69670K, committed 69968K, reserved 1110016K
  class space    used 8647K, capacity 9296K, committed 9344K, reserved 1048576K
}
Event: 16.738 GC heap after
{Heap after GC invocations=24 (full 0):
 garbage-first heap   total 120832K, used 71050K [0x00000000a0000000, 0x0000000100000000)
  region size 1024K, 2 young (2048K), 2 survivors (2048K)
 Metaspace       used 67872K, capacity 69670K, committed 69968K, reserved 1110016K
  class space    used 8647K, capacity 9296K, committed 9344K, reserved 1048576K
}
Event: 16.963 GC heap before
{Heap before GC invocations=25 (full 0):
 garbage-first heap   total 120832K, used 95626K [0x00000000a0000000, 0x0000000100000000)
  region size 1024K, 27 young (27648K), 2 survivors (2048K)
 Metaspace       used 68024K, capacity 69963K, committed 70096K, reserved 1110016K
  class space    used 8676K, capacity 9352K, committed 9472K, reserved 1048576K
}
Event: 16.966 GC heap after
{Heap after GC invocations=26 (full 0):
 garbage-first heap   total 120832K, used 72602K [0x00000000a0000000, 0x0000000100000000)
  region size 1024K, 4 young (4096K), 4 survivors (4096K)
 Metaspace       used 68024K, capacity 69963K, committed 70096K, reserved 1110016K
  class space    used 8676K, capacity 9352K, committed 9472K, reserved 1048576K
}
Event: 17.377 GC heap before
{Heap before GC invocations=26 (full 0):
 garbage-first heap   total 120832K, used 97178K [0x00000000a0000000, 0x0000000100000000)
  region size 1024K, 29 young (29696K), 4 survivors (4096K)
 Metaspace       used 70068K, capacity 71972K, committed 72144K, reserved 1112064K
  class space    used 8937K, capacity 9613K, committed 9728K, reserved 1048576K
}
Event: 17.385 GC heap after
{Heap after GC invocations=27 (full 0):
 garbage-first heap   total 120832K, used 74388K [0x00000000a0000000, 0x0000000100000000)
  region size 1024K, 4 young (4096K), 4 survivors (4096K)
 Metaspace       used 70068K, capacity 71972K, committed 72144K, reserved 1112064K
  class space    used 8937K, capacity 9613K, committed 9728K, reserved 1048576K
}
Event: 17.866 GC heap before
{Heap before GC invocations=28 (full 0):
 garbage-first heap   total 120832K, used 97940K [0x00000000a0000000, 0x0000000100000000)
  region size 1024K, 28 young (28672K), 4 survivors (4096K)
 Metaspace       used 72833K, capacity 74855K, committed 74960K, reserved 1114112K
  class space    used 9463K, capacity 10170K, committed 10240K, reserved 1048576K
}
Event: 17.871 GC heap after
{Heap after GC invocations=29 (full 0):
 garbage-first heap   total 120832K, used 75915K [0x00000000a0000000, 0x0000000100000000)
  region size 1024K, 4 young (4096K), 4 survivors (4096K)
 Metaspace       used 72833K, capacity 74855K, committed 74960K, reserved 1114112K
  class space    used 9463K, capacity 10170K, committed 10240K, reserved 1048576K
}
Event: 18.219 GC heap before
{Heap before GC invocations=29 (full 0):
 garbage-first heap   total 120832K, used 100491K [0x00000000a0000000, 0x0000000100000000)
  region size 1024K, 28 young (28672K), 4 survivors (4096K)
 Metaspace       used 74225K, capacity 76225K, committed 76368K, reserved 1116160K
  class space    used 9637K, capacity 10323K, committed 10368K, reserved 1048576K
}
Event: 18.228 GC heap after
{Heap after GC invocations=30 (full 0):
 garbage-first heap   total 120832K, used 77529K [0x00000000a0000000, 0x0000000100000000)
  region size 1024K, 4 young (4096K), 4 survivors (4096K)
 Metaspace       used 74225K, capacity 76225K, committed 76368K, reserved 1116160K
  class space    used 9637K, capacity 10323K, committed 10368K, reserved 1048576K
}
Event: 18.554 GC heap before
{Heap before GC invocations=31 (full 0):
 garbage-first heap   total 120832K, used 101081K [0x00000000a0000000, 0x0000000100000000)
  region size 1024K, 27 young (27648K), 4 survivors (4096K)
 Metaspace       used 75045K, capacity 77046K, committed 77136K, reserved 1116160K
  class space    used 9796K, capacity 10555K, committed 10624K, reserved 1048576K
}

